23:37:14.014 [main] DEBUG org.apache.poi.openxml4j.opc.PackageRelationshipCollection - Parsing relationship: /xl/_rels/workbook.xml.rels
23:37:14.020 [main] DEBUG org.apache.poi.openxml4j.opc.PackageRelationshipCollection - Parsing relationship: /xl/worksheets/_rels/sheet1.xml.rels
23:37:14.021 [main] DEBUG org.apache.poi.openxml4j.opc.PackageRelationshipCollection - Parsing relationship: /_rels/.rels
23:37:14.037 [main] DEBUG org.apache.poi.openxml4j.opc.PackageRelationshipCollection - Parsing relationship: /xl/_rels/workbook.xml.rels
23:37:14.037 [main] DEBUG org.apache.poi.openxml4j.opc.PackageRelationshipCollection - Parsing relationship: /xl/worksheets/_rels/sheet1.xml.rels
23:37:14.038 [main] DEBUG org.apache.poi.openxml4j.opc.PackageRelationshipCollection - Parsing relationship: /_rels/.rels
23:37:14.052 [main] DEBUG org.apache.poi.openxml4j.opc.PackageRelationshipCollection - Parsing relationship: /xl/_rels/workbook.xml.rels
23:37:14.052 [main] DEBUG org.apache.poi.openxml4j.opc.PackageRelationshipCollection - Parsing relationship: /xl/worksheets/_rels/sheet1.xml.rels
23:37:14.054 [main] DEBUG org.apache.poi.openxml4j.opc.PackageRelationshipCollection - Parsing relationship: /_rels/.rels
23:37:14.068 [main] DEBUG org.apache.poi.openxml4j.opc.PackageRelationshipCollection - Parsing relationship: /xl/_rels/workbook.xml.rels
23:37:14.069 [main] DEBUG org.apache.poi.openxml4j.opc.PackageRelationshipCollection - Parsing relationship: /xl/worksheets/_rels/sheet1.xml.rels
23:37:14.070 [main] DEBUG org.apache.poi.openxml4j.opc.PackageRelationshipCollection - Parsing relationship: /_rels/.rels
23:37:14.085 [main] DEBUG org.apache.poi.openxml4j.opc.PackageRelationshipCollection - Parsing relationship: /xl/_rels/workbook.xml.rels
23:37:14.086 [main] DEBUG org.apache.poi.openxml4j.opc.PackageRelationshipCollection - Parsing relationship: /xl/worksheets/_rels/sheet1.xml.rels
23:37:14.086 [main] DEBUG org.apache.poi.openxml4j.opc.PackageRelationshipCollection - Parsing relationship: /_rels/.rels
23:37:14.102 [main] DEBUG org.apache.poi.openxml4j.opc.PackageRelationshipCollection - Parsing relationship: /xl/_rels/workbook.xml.rels
23:37:14.102 [main] DEBUG org.apache.poi.openxml4j.opc.PackageRelationshipCollection - Parsing relationship: /xl/worksheets/_rels/sheet1.xml.rels
23:37:14.103 [main] DEBUG org.apache.poi.openxml4j.opc.PackageRelationshipCollection - Parsing relationship: /_rels/.rels
23:37:14.114 [main] DEBUG org.apache.poi.openxml4j.opc.PackageRelationshipCollection - Parsing relationship: /xl/_rels/workbook.xml.rels
23:37:14.115 [main] DEBUG org.apache.poi.openxml4j.opc.PackageRelationshipCollection - Parsing relationship: /xl/worksheets/_rels/sheet1.xml.rels
23:37:14.115 [main] DEBUG org.apache.poi.openxml4j.opc.PackageRelationshipCollection - Parsing relationship: /_rels/.rels
23:37:14.126 [main] DEBUG org.apache.poi.openxml4j.opc.PackageRelationshipCollection - Parsing relationship: /xl/_rels/workbook.xml.rels
23:37:14.127 [main] DEBUG org.apache.poi.openxml4j.opc.PackageRelationshipCollection - Parsing relationship: /xl/worksheets/_rels/sheet1.xml.rels
23:37:14.128 [main] DEBUG org.apache.poi.openxml4j.opc.PackageRelationshipCollection - Parsing relationship: /_rels/.rels
23:37:14.140 [main] DEBUG org.apache.poi.openxml4j.opc.PackageRelationshipCollection - Parsing relationship: /xl/_rels/workbook.xml.rels
23:37:14.141 [main] DEBUG org.apache.poi.openxml4j.opc.PackageRelationshipCollection - Parsing relationship: /xl/worksheets/_rels/sheet1.xml.rels
23:37:14.141 [main] DEBUG org.apache.poi.openxml4j.opc.PackageRelationshipCollection - Parsing relationship: /_rels/.rels
23:37:14.156 [main] DEBUG org.apache.poi.openxml4j.opc.PackageRelationshipCollection - Parsing relationship: /xl/_rels/workbook.xml.rels
23:37:14.156 [main] DEBUG org.apache.poi.openxml4j.opc.PackageRelationshipCollection - Parsing relationship: /xl/worksheets/_rels/sheet1.xml.rels
23:37:14.157 [main] DEBUG org.apache.poi.openxml4j.opc.PackageRelationshipCollection - Parsing relationship: /_rels/.rels
23:37:14.169 [main] DEBUG org.apache.poi.openxml4j.opc.PackageRelationshipCollection - Parsing relationship: /xl/_rels/workbook.xml.rels
23:37:14.170 [main] DEBUG org.apache.poi.openxml4j.opc.PackageRelationshipCollection - Parsing relationship: /xl/worksheets/_rels/sheet1.xml.rels
23:37:14.170 [main] DEBUG org.apache.poi.openxml4j.opc.PackageRelationshipCollection - Parsing relationship: /_rels/.rels
23:37:14.180 [main] DEBUG org.apache.poi.openxml4j.opc.PackageRelationshipCollection - Parsing relationship: /xl/_rels/workbook.xml.rels
23:37:14.181 [main] DEBUG org.apache.poi.openxml4j.opc.PackageRelationshipCollection - Parsing relationship: /xl/worksheets/_rels/sheet1.xml.rels
23:37:14.181 [main] DEBUG org.apache.poi.openxml4j.opc.PackageRelationshipCollection - Parsing relationship: /_rels/.rels
23:37:14.192 [main] DEBUG org.apache.poi.openxml4j.opc.PackageRelationshipCollection - Parsing relationship: /xl/_rels/workbook.xml.rels
23:37:14.192 [main] DEBUG org.apache.poi.openxml4j.opc.PackageRelationshipCollection - Parsing relationship: /xl/worksheets/_rels/sheet1.xml.rels
23:37:14.193 [main] DEBUG org.apache.poi.openxml4j.opc.PackageRelationshipCollection - Parsing relationship: /_rels/.rels
23:37:14.213 [main] INFO  testCases.TC003_LoginDDT - ***** starting TC003_LoginDDT *****
23:37:24.833 [main] INFO  testCases.TC003_LoginDDT - ***** Finished TC003_LoginDDT *****
23:37:24.837 [main] INFO  testCases.TC003_LoginDDT - ***** starting TC003_LoginDDT *****
23:37:26.838 [main] INFO  testCases.TC003_LoginDDT - ***** Finished TC003_LoginDDT *****
23:37:26.841 [main] INFO  testCases.TC003_LoginDDT - ***** starting TC003_LoginDDT *****
23:37:37.426 [main] INFO  testCases.TC003_LoginDDT - ***** Finished TC003_LoginDDT *****
23:37:37.429 [main] INFO  testCases.TC003_LoginDDT - ***** starting TC003_LoginDDT *****
23:37:48.606 [main] INFO  testCases.TC003_LoginDDT - ***** Finished TC003_LoginDDT *****
23:37:48.608 [main] INFO  testCases.TC003_LoginDDT - ***** starting TC003_LoginDDT *****
23:37:50.731 [main] INFO  testCases.TC003_LoginDDT - ***** Finished TC003_LoginDDT *****
11:09:58.954 [main] DEBUG org.apache.poi.openxml4j.opc.PackageRelationshipCollection - Parsing relationship: /xl/_rels/workbook.xml.rels
11:09:58.958 [main] DEBUG org.apache.poi.openxml4j.opc.PackageRelationshipCollection - Parsing relationship: /xl/worksheets/_rels/sheet1.xml.rels
11:09:58.959 [main] DEBUG org.apache.poi.openxml4j.opc.PackageRelationshipCollection - Parsing relationship: /_rels/.rels
11:09:59.374 [main] DEBUG org.apache.poi.openxml4j.opc.PackageRelationshipCollection - Parsing relationship: /xl/_rels/workbook.xml.rels
11:09:59.375 [main] DEBUG org.apache.poi.openxml4j.opc.PackageRelationshipCollection - Parsing relationship: /xl/worksheets/_rels/sheet1.xml.rels
11:09:59.376 [main] DEBUG org.apache.poi.openxml4j.opc.PackageRelationshipCollection - Parsing relationship: /_rels/.rels
11:09:59.394 [main] DEBUG org.apache.poi.openxml4j.opc.PackageRelationshipCollection - Parsing relationship: /xl/_rels/workbook.xml.rels
11:09:59.395 [main] DEBUG org.apache.poi.openxml4j.opc.PackageRelationshipCollection - Parsing relationship: /xl/worksheets/_rels/sheet1.xml.rels
11:09:59.395 [main] DEBUG org.apache.poi.openxml4j.opc.PackageRelationshipCollection - Parsing relationship: /_rels/.rels
11:09:59.424 [main] DEBUG org.apache.poi.openxml4j.opc.PackageRelationshipCollection - Parsing relationship: /xl/_rels/workbook.xml.rels
11:09:59.425 [main] DEBUG org.apache.poi.openxml4j.opc.PackageRelationshipCollection - Parsing relationship: /xl/worksheets/_rels/sheet1.xml.rels
11:09:59.426 [main] DEBUG org.apache.poi.openxml4j.opc.PackageRelationshipCollection - Parsing relationship: /_rels/.rels
11:09:59.445 [main] DEBUG org.apache.poi.openxml4j.opc.PackageRelationshipCollection - Parsing relationship: /xl/_rels/workbook.xml.rels
11:09:59.446 [main] DEBUG org.apache.poi.openxml4j.opc.PackageRelationshipCollection - Parsing relationship: /xl/worksheets/_rels/sheet1.xml.rels
11:09:59.447 [main] DEBUG org.apache.poi.openxml4j.opc.PackageRelationshipCollection - Parsing relationship: /_rels/.rels
11:09:59.468 [main] DEBUG org.apache.poi.openxml4j.opc.PackageRelationshipCollection - Parsing relationship: /xl/_rels/workbook.xml.rels
11:09:59.468 [main] DEBUG org.apache.poi.openxml4j.opc.PackageRelationshipCollection - Parsing relationship: /xl/worksheets/_rels/sheet1.xml.rels
11:09:59.469 [main] DEBUG org.apache.poi.openxml4j.opc.PackageRelationshipCollection - Parsing relationship: /_rels/.rels
11:09:59.484 [main] DEBUG org.apache.poi.openxml4j.opc.PackageRelationshipCollection - Parsing relationship: /xl/_rels/workbook.xml.rels
11:09:59.485 [main] DEBUG org.apache.poi.openxml4j.opc.PackageRelationshipCollection - Parsing relationship: /xl/worksheets/_rels/sheet1.xml.rels
11:09:59.485 [main] DEBUG org.apache.poi.openxml4j.opc.PackageRelationshipCollection - Parsing relationship: /_rels/.rels
11:09:59.505 [main] DEBUG org.apache.poi.openxml4j.opc.PackageRelationshipCollection - Parsing relationship: /xl/_rels/workbook.xml.rels
11:09:59.506 [main] DEBUG org.apache.poi.openxml4j.opc.PackageRelationshipCollection - Parsing relationship: /xl/worksheets/_rels/sheet1.xml.rels
11:09:59.507 [main] DEBUG org.apache.poi.openxml4j.opc.PackageRelationshipCollection - Parsing relationship: /_rels/.rels
11:09:59.524 [main] DEBUG org.apache.poi.openxml4j.opc.PackageRelationshipCollection - Parsing relationship: /xl/_rels/workbook.xml.rels
11:09:59.524 [main] DEBUG org.apache.poi.openxml4j.opc.PackageRelationshipCollection - Parsing relationship: /xl/worksheets/_rels/sheet1.xml.rels
11:09:59.525 [main] DEBUG org.apache.poi.openxml4j.opc.PackageRelationshipCollection - Parsing relationship: /_rels/.rels
11:09:59.541 [main] DEBUG org.apache.poi.openxml4j.opc.PackageRelationshipCollection - Parsing relationship: /xl/_rels/workbook.xml.rels
11:09:59.541 [main] DEBUG org.apache.poi.openxml4j.opc.PackageRelationshipCollection - Parsing relationship: /xl/worksheets/_rels/sheet1.xml.rels
11:09:59.542 [main] DEBUG org.apache.poi.openxml4j.opc.PackageRelationshipCollection - Parsing relationship: /_rels/.rels
11:09:59.556 [main] DEBUG org.apache.poi.openxml4j.opc.PackageRelationshipCollection - Parsing relationship: /xl/_rels/workbook.xml.rels
11:09:59.556 [main] DEBUG org.apache.poi.openxml4j.opc.PackageRelationshipCollection - Parsing relationship: /xl/worksheets/_rels/sheet1.xml.rels
11:09:59.557 [main] DEBUG org.apache.poi.openxml4j.opc.PackageRelationshipCollection - Parsing relationship: /_rels/.rels
11:09:59.570 [main] DEBUG org.apache.poi.openxml4j.opc.PackageRelationshipCollection - Parsing relationship: /xl/_rels/workbook.xml.rels
11:09:59.571 [main] DEBUG org.apache.poi.openxml4j.opc.PackageRelationshipCollection - Parsing relationship: /xl/worksheets/_rels/sheet1.xml.rels
11:09:59.571 [main] DEBUG org.apache.poi.openxml4j.opc.PackageRelationshipCollection - Parsing relationship: /_rels/.rels
11:09:59.584 [main] DEBUG org.apache.poi.openxml4j.opc.PackageRelationshipCollection - Parsing relationship: /xl/_rels/workbook.xml.rels
11:09:59.584 [main] DEBUG org.apache.poi.openxml4j.opc.PackageRelationshipCollection - Parsing relationship: /xl/worksheets/_rels/sheet1.xml.rels
11:09:59.585 [main] DEBUG org.apache.poi.openxml4j.opc.PackageRelationshipCollection - Parsing relationship: /_rels/.rels
11:09:59.599 [main] DEBUG org.apache.poi.openxml4j.opc.PackageRelationshipCollection - Parsing relationship: /xl/_rels/workbook.xml.rels
11:09:59.600 [main] DEBUG org.apache.poi.openxml4j.opc.PackageRelationshipCollection - Parsing relationship: /xl/worksheets/_rels/sheet1.xml.rels
11:09:59.600 [main] DEBUG org.apache.poi.openxml4j.opc.PackageRelationshipCollection - Parsing relationship: /_rels/.rels
11:09:59.615 [main] DEBUG org.apache.poi.openxml4j.opc.PackageRelationshipCollection - Parsing relationship: /xl/_rels/workbook.xml.rels
11:09:59.615 [main] DEBUG org.apache.poi.openxml4j.opc.PackageRelationshipCollection - Parsing relationship: /xl/worksheets/_rels/sheet1.xml.rels
11:09:59.616 [main] DEBUG org.apache.poi.openxml4j.opc.PackageRelationshipCollection - Parsing relationship: /_rels/.rels
11:09:59.628 [main] DEBUG org.apache.poi.openxml4j.opc.PackageRelationshipCollection - Parsing relationship: /xl/_rels/workbook.xml.rels
11:09:59.629 [main] DEBUG org.apache.poi.openxml4j.opc.PackageRelationshipCollection - Parsing relationship: /xl/worksheets/_rels/sheet1.xml.rels
11:09:59.631 [main] DEBUG org.apache.poi.openxml4j.opc.PackageRelationshipCollection - Parsing relationship: /_rels/.rels
11:09:59.645 [main] DEBUG org.apache.poi.openxml4j.opc.PackageRelationshipCollection - Parsing relationship: /xl/_rels/workbook.xml.rels
11:09:59.646 [main] DEBUG org.apache.poi.openxml4j.opc.PackageRelationshipCollection - Parsing relationship: /xl/worksheets/_rels/sheet1.xml.rels
11:09:59.646 [main] DEBUG org.apache.poi.openxml4j.opc.PackageRelationshipCollection - Parsing relationship: /_rels/.rels
11:09:59.672 [main] INFO  testCases.TC003_LoginDDT - ***** starting TC003_LoginDDT *****
11:10:13.295 [main] INFO  testCases.TC003_LoginDDT - ***** starting TC003_LoginDDT *****
11:10:15.895 [main] INFO  testCases.TC003_LoginDDT - ***** Finished TC003_LoginDDT *****
11:10:15.902 [main] INFO  testCases.TC003_LoginDDT - ***** starting TC003_LoginDDT *****
11:10:27.478 [main] INFO  testCases.TC003_LoginDDT - ***** Finished TC003_LoginDDT *****
11:10:27.493 [main] INFO  testCases.TC003_LoginDDT - ***** starting TC003_LoginDDT *****
11:10:38.621 [main] INFO  testCases.TC003_LoginDDT - ***** starting TC003_LoginDDT *****
11:27:10.080 [main] DEBUG org.apache.poi.openxml4j.opc.PackageRelationshipCollection - Parsing relationship: /xl/_rels/workbook.xml.rels
11:27:10.083 [main] DEBUG org.apache.poi.openxml4j.opc.PackageRelationshipCollection - Parsing relationship: /xl/worksheets/_rels/sheet1.xml.rels
11:27:10.085 [main] DEBUG org.apache.poi.openxml4j.opc.PackageRelationshipCollection - Parsing relationship: /_rels/.rels
11:27:10.433 [main] DEBUG org.apache.poi.openxml4j.opc.PackageRelationshipCollection - Parsing relationship: /xl/_rels/workbook.xml.rels
11:27:10.435 [main] DEBUG org.apache.poi.openxml4j.opc.PackageRelationshipCollection - Parsing relationship: /xl/worksheets/_rels/sheet1.xml.rels
11:27:10.436 [main] DEBUG org.apache.poi.openxml4j.opc.PackageRelationshipCollection - Parsing relationship: /_rels/.rels
11:27:10.458 [main] DEBUG org.apache.poi.openxml4j.opc.PackageRelationshipCollection - Parsing relationship: /xl/_rels/workbook.xml.rels
11:27:10.459 [main] DEBUG org.apache.poi.openxml4j.opc.PackageRelationshipCollection - Parsing relationship: /xl/worksheets/_rels/sheet1.xml.rels
11:27:10.460 [main] DEBUG org.apache.poi.openxml4j.opc.PackageRelationshipCollection - Parsing relationship: /_rels/.rels
11:27:10.481 [main] DEBUG org.apache.poi.openxml4j.opc.PackageRelationshipCollection - Parsing relationship: /xl/_rels/workbook.xml.rels
11:27:10.482 [main] DEBUG org.apache.poi.openxml4j.opc.PackageRelationshipCollection - Parsing relationship: /xl/worksheets/_rels/sheet1.xml.rels
11:27:10.482 [main] DEBUG org.apache.poi.openxml4j.opc.PackageRelationshipCollection - Parsing relationship: /_rels/.rels
11:27:10.500 [main] DEBUG org.apache.poi.openxml4j.opc.PackageRelationshipCollection - Parsing relationship: /xl/_rels/workbook.xml.rels
11:27:10.501 [main] DEBUG org.apache.poi.openxml4j.opc.PackageRelationshipCollection - Parsing relationship: /xl/worksheets/_rels/sheet1.xml.rels
11:27:10.501 [main] DEBUG org.apache.poi.openxml4j.opc.PackageRelationshipCollection - Parsing relationship: /_rels/.rels
11:27:10.520 [main] DEBUG org.apache.poi.openxml4j.opc.PackageRelationshipCollection - Parsing relationship: /xl/_rels/workbook.xml.rels
11:27:10.520 [main] DEBUG org.apache.poi.openxml4j.opc.PackageRelationshipCollection - Parsing relationship: /xl/worksheets/_rels/sheet1.xml.rels
11:27:10.521 [main] DEBUG org.apache.poi.openxml4j.opc.PackageRelationshipCollection - Parsing relationship: /_rels/.rels
11:27:10.538 [main] DEBUG org.apache.poi.openxml4j.opc.PackageRelationshipCollection - Parsing relationship: /xl/_rels/workbook.xml.rels
11:27:10.539 [main] DEBUG org.apache.poi.openxml4j.opc.PackageRelationshipCollection - Parsing relationship: /xl/worksheets/_rels/sheet1.xml.rels
11:27:10.540 [main] DEBUG org.apache.poi.openxml4j.opc.PackageRelationshipCollection - Parsing relationship: /_rels/.rels
11:27:10.558 [main] DEBUG org.apache.poi.openxml4j.opc.PackageRelationshipCollection - Parsing relationship: /xl/_rels/workbook.xml.rels
11:27:10.559 [main] DEBUG org.apache.poi.openxml4j.opc.PackageRelationshipCollection - Parsing relationship: /xl/worksheets/_rels/sheet1.xml.rels
11:27:10.559 [main] DEBUG org.apache.poi.openxml4j.opc.PackageRelationshipCollection - Parsing relationship: /_rels/.rels
11:27:10.573 [main] DEBUG org.apache.poi.openxml4j.opc.PackageRelationshipCollection - Parsing relationship: /xl/_rels/workbook.xml.rels
11:27:10.573 [main] DEBUG org.apache.poi.openxml4j.opc.PackageRelationshipCollection - Parsing relationship: /xl/worksheets/_rels/sheet1.xml.rels
11:27:10.574 [main] DEBUG org.apache.poi.openxml4j.opc.PackageRelationshipCollection - Parsing relationship: /_rels/.rels
11:27:10.587 [main] DEBUG org.apache.poi.openxml4j.opc.PackageRelationshipCollection - Parsing relationship: /xl/_rels/workbook.xml.rels
11:27:10.588 [main] DEBUG org.apache.poi.openxml4j.opc.PackageRelationshipCollection - Parsing relationship: /xl/worksheets/_rels/sheet1.xml.rels
11:27:10.588 [main] DEBUG org.apache.poi.openxml4j.opc.PackageRelationshipCollection - Parsing relationship: /_rels/.rels
11:27:10.601 [main] DEBUG org.apache.poi.openxml4j.opc.PackageRelationshipCollection - Parsing relationship: /xl/_rels/workbook.xml.rels
11:27:10.601 [main] DEBUG org.apache.poi.openxml4j.opc.PackageRelationshipCollection - Parsing relationship: /xl/worksheets/_rels/sheet1.xml.rels
11:27:10.602 [main] DEBUG org.apache.poi.openxml4j.opc.PackageRelationshipCollection - Parsing relationship: /_rels/.rels
11:27:10.614 [main] DEBUG org.apache.poi.openxml4j.opc.PackageRelationshipCollection - Parsing relationship: /xl/_rels/workbook.xml.rels
11:27:10.614 [main] DEBUG org.apache.poi.openxml4j.opc.PackageRelationshipCollection - Parsing relationship: /xl/worksheets/_rels/sheet1.xml.rels
11:27:10.615 [main] DEBUG org.apache.poi.openxml4j.opc.PackageRelationshipCollection - Parsing relationship: /_rels/.rels
11:27:10.627 [main] DEBUG org.apache.poi.openxml4j.opc.PackageRelationshipCollection - Parsing relationship: /xl/_rels/workbook.xml.rels
11:27:10.627 [main] DEBUG org.apache.poi.openxml4j.opc.PackageRelationshipCollection - Parsing relationship: /xl/worksheets/_rels/sheet1.xml.rels
11:27:10.627 [main] DEBUG org.apache.poi.openxml4j.opc.PackageRelationshipCollection - Parsing relationship: /_rels/.rels
11:27:10.639 [main] DEBUG org.apache.poi.openxml4j.opc.PackageRelationshipCollection - Parsing relationship: /xl/_rels/workbook.xml.rels
11:27:10.639 [main] DEBUG org.apache.poi.openxml4j.opc.PackageRelationshipCollection - Parsing relationship: /xl/worksheets/_rels/sheet1.xml.rels
11:27:10.641 [main] DEBUG org.apache.poi.openxml4j.opc.PackageRelationshipCollection - Parsing relationship: /_rels/.rels
11:27:10.651 [main] DEBUG org.apache.poi.openxml4j.opc.PackageRelationshipCollection - Parsing relationship: /xl/_rels/workbook.xml.rels
11:27:10.653 [main] DEBUG org.apache.poi.openxml4j.opc.PackageRelationshipCollection - Parsing relationship: /xl/worksheets/_rels/sheet1.xml.rels
11:27:10.653 [main] DEBUG org.apache.poi.openxml4j.opc.PackageRelationshipCollection - Parsing relationship: /_rels/.rels
11:27:10.663 [main] DEBUG org.apache.poi.openxml4j.opc.PackageRelationshipCollection - Parsing relationship: /xl/_rels/workbook.xml.rels
11:27:10.663 [main] DEBUG org.apache.poi.openxml4j.opc.PackageRelationshipCollection - Parsing relationship: /xl/worksheets/_rels/sheet1.xml.rels
11:27:10.664 [main] DEBUG org.apache.poi.openxml4j.opc.PackageRelationshipCollection - Parsing relationship: /_rels/.rels
11:27:10.675 [main] DEBUG org.apache.poi.openxml4j.opc.PackageRelationshipCollection - Parsing relationship: /xl/_rels/workbook.xml.rels
11:27:10.675 [main] DEBUG org.apache.poi.openxml4j.opc.PackageRelationshipCollection - Parsing relationship: /xl/worksheets/_rels/sheet1.xml.rels
11:27:10.676 [main] DEBUG org.apache.poi.openxml4j.opc.PackageRelationshipCollection - Parsing relationship: /_rels/.rels
11:27:10.701 [main] INFO  testCases.TC003_LoginDDT - ***** starting TC003_LoginDDT *****
11:27:21.483 [main] INFO  testCases.TC003_LoginDDT - ***** starting TC003_LoginDDT *****
11:27:26.972 [main] INFO  testCases.TC003_LoginDDT - ***** Finished TC003_LoginDDT *****
11:27:26.978 [main] INFO  testCases.TC003_LoginDDT - ***** starting TC003_LoginDDT *****
11:27:38.371 [main] INFO  testCases.TC003_LoginDDT - ***** Finished TC003_LoginDDT *****
11:27:38.375 [main] INFO  testCases.TC003_LoginDDT - ***** starting TC003_LoginDDT *****
11:27:49.633 [main] INFO  testCases.TC003_LoginDDT - ***** starting TC003_LoginDDT *****
11:27:52.586 [main] INFO  testCases.TC003_LoginDDT - ***** Finished TC003_LoginDDT *****
16:02:48.039 [main] DEBUG org.apache.poi.openxml4j.opc.PackageRelationshipCollection - Parsing relationship: /xl/_rels/workbook.xml.rels
16:02:48.043 [main] DEBUG org.apache.poi.openxml4j.opc.PackageRelationshipCollection - Parsing relationship: /xl/worksheets/_rels/sheet1.xml.rels
16:02:48.045 [main] DEBUG org.apache.poi.openxml4j.opc.PackageRelationshipCollection - Parsing relationship: /_rels/.rels
16:02:48.423 [main] DEBUG org.apache.poi.openxml4j.opc.PackageRelationshipCollection - Parsing relationship: /xl/_rels/workbook.xml.rels
16:02:48.424 [main] DEBUG org.apache.poi.openxml4j.opc.PackageRelationshipCollection - Parsing relationship: /xl/worksheets/_rels/sheet1.xml.rels
16:02:48.425 [main] DEBUG org.apache.poi.openxml4j.opc.PackageRelationshipCollection - Parsing relationship: /_rels/.rels
16:02:48.443 [main] DEBUG org.apache.poi.openxml4j.opc.PackageRelationshipCollection - Parsing relationship: /xl/_rels/workbook.xml.rels
16:02:48.444 [main] DEBUG org.apache.poi.openxml4j.opc.PackageRelationshipCollection - Parsing relationship: /xl/worksheets/_rels/sheet1.xml.rels
16:02:48.445 [main] DEBUG org.apache.poi.openxml4j.opc.PackageRelationshipCollection - Parsing relationship: /_rels/.rels
16:02:48.467 [main] DEBUG org.apache.poi.openxml4j.opc.PackageRelationshipCollection - Parsing relationship: /xl/_rels/workbook.xml.rels
16:02:48.468 [main] DEBUG org.apache.poi.openxml4j.opc.PackageRelationshipCollection - Parsing relationship: /xl/worksheets/_rels/sheet1.xml.rels
16:02:48.468 [main] DEBUG org.apache.poi.openxml4j.opc.PackageRelationshipCollection - Parsing relationship: /_rels/.rels
16:02:48.484 [main] DEBUG org.apache.poi.openxml4j.opc.PackageRelationshipCollection - Parsing relationship: /xl/_rels/workbook.xml.rels
16:02:48.484 [main] DEBUG org.apache.poi.openxml4j.opc.PackageRelationshipCollection - Parsing relationship: /xl/worksheets/_rels/sheet1.xml.rels
16:02:48.485 [main] DEBUG org.apache.poi.openxml4j.opc.PackageRelationshipCollection - Parsing relationship: /_rels/.rels
16:02:48.500 [main] DEBUG org.apache.poi.openxml4j.opc.PackageRelationshipCollection - Parsing relationship: /xl/_rels/workbook.xml.rels
16:02:48.501 [main] DEBUG org.apache.poi.openxml4j.opc.PackageRelationshipCollection - Parsing relationship: /xl/worksheets/_rels/sheet1.xml.rels
16:02:48.501 [main] DEBUG org.apache.poi.openxml4j.opc.PackageRelationshipCollection - Parsing relationship: /_rels/.rels
16:02:48.517 [main] DEBUG org.apache.poi.openxml4j.opc.PackageRelationshipCollection - Parsing relationship: /xl/_rels/workbook.xml.rels
16:02:48.517 [main] DEBUG org.apache.poi.openxml4j.opc.PackageRelationshipCollection - Parsing relationship: /xl/worksheets/_rels/sheet1.xml.rels
16:02:48.518 [main] DEBUG org.apache.poi.openxml4j.opc.PackageRelationshipCollection - Parsing relationship: /_rels/.rels
16:02:48.543 [main] DEBUG org.apache.poi.openxml4j.opc.PackageRelationshipCollection - Parsing relationship: /xl/_rels/workbook.xml.rels
16:02:48.544 [main] DEBUG org.apache.poi.openxml4j.opc.PackageRelationshipCollection - Parsing relationship: /xl/worksheets/_rels/sheet1.xml.rels
16:02:48.545 [main] DEBUG org.apache.poi.openxml4j.opc.PackageRelationshipCollection - Parsing relationship: /_rels/.rels
16:02:48.565 [main] DEBUG org.apache.poi.openxml4j.opc.PackageRelationshipCollection - Parsing relationship: /xl/_rels/workbook.xml.rels
16:02:48.566 [main] DEBUG org.apache.poi.openxml4j.opc.PackageRelationshipCollection - Parsing relationship: /xl/worksheets/_rels/sheet1.xml.rels
16:02:48.567 [main] DEBUG org.apache.poi.openxml4j.opc.PackageRelationshipCollection - Parsing relationship: /_rels/.rels
16:02:48.585 [main] DEBUG org.apache.poi.openxml4j.opc.PackageRelationshipCollection - Parsing relationship: /xl/_rels/workbook.xml.rels
16:02:48.586 [main] DEBUG org.apache.poi.openxml4j.opc.PackageRelationshipCollection - Parsing relationship: /xl/worksheets/_rels/sheet1.xml.rels
16:02:48.586 [main] DEBUG org.apache.poi.openxml4j.opc.PackageRelationshipCollection - Parsing relationship: /_rels/.rels
16:02:48.611 [main] DEBUG org.apache.poi.openxml4j.opc.PackageRelationshipCollection - Parsing relationship: /xl/_rels/workbook.xml.rels
16:02:48.612 [main] DEBUG org.apache.poi.openxml4j.opc.PackageRelationshipCollection - Parsing relationship: /xl/worksheets/_rels/sheet1.xml.rels
16:02:48.613 [main] DEBUG org.apache.poi.openxml4j.opc.PackageRelationshipCollection - Parsing relationship: /_rels/.rels
16:02:48.628 [main] DEBUG org.apache.poi.openxml4j.opc.PackageRelationshipCollection - Parsing relationship: /xl/_rels/workbook.xml.rels
16:02:48.628 [main] DEBUG org.apache.poi.openxml4j.opc.PackageRelationshipCollection - Parsing relationship: /xl/worksheets/_rels/sheet1.xml.rels
16:02:48.629 [main] DEBUG org.apache.poi.openxml4j.opc.PackageRelationshipCollection - Parsing relationship: /_rels/.rels
16:02:48.642 [main] DEBUG org.apache.poi.openxml4j.opc.PackageRelationshipCollection - Parsing relationship: /xl/_rels/workbook.xml.rels
16:02:48.642 [main] DEBUG org.apache.poi.openxml4j.opc.PackageRelationshipCollection - Parsing relationship: /xl/worksheets/_rels/sheet1.xml.rels
16:02:48.643 [main] DEBUG org.apache.poi.openxml4j.opc.PackageRelationshipCollection - Parsing relationship: /_rels/.rels
16:02:48.657 [main] DEBUG org.apache.poi.openxml4j.opc.PackageRelationshipCollection - Parsing relationship: /xl/_rels/workbook.xml.rels
16:02:48.658 [main] DEBUG org.apache.poi.openxml4j.opc.PackageRelationshipCollection - Parsing relationship: /xl/worksheets/_rels/sheet1.xml.rels
16:02:48.658 [main] DEBUG org.apache.poi.openxml4j.opc.PackageRelationshipCollection - Parsing relationship: /_rels/.rels
16:02:48.671 [main] DEBUG org.apache.poi.openxml4j.opc.PackageRelationshipCollection - Parsing relationship: /xl/_rels/workbook.xml.rels
16:02:48.672 [main] DEBUG org.apache.poi.openxml4j.opc.PackageRelationshipCollection - Parsing relationship: /xl/worksheets/_rels/sheet1.xml.rels
16:02:48.672 [main] DEBUG org.apache.poi.openxml4j.opc.PackageRelationshipCollection - Parsing relationship: /_rels/.rels
16:02:48.684 [main] DEBUG org.apache.poi.openxml4j.opc.PackageRelationshipCollection - Parsing relationship: /xl/_rels/workbook.xml.rels
16:02:48.685 [main] DEBUG org.apache.poi.openxml4j.opc.PackageRelationshipCollection - Parsing relationship: /xl/worksheets/_rels/sheet1.xml.rels
16:02:48.686 [main] DEBUG org.apache.poi.openxml4j.opc.PackageRelationshipCollection - Parsing relationship: /_rels/.rels
16:02:48.698 [main] DEBUG org.apache.poi.openxml4j.opc.PackageRelationshipCollection - Parsing relationship: /xl/_rels/workbook.xml.rels
16:02:48.698 [main] DEBUG org.apache.poi.openxml4j.opc.PackageRelationshipCollection - Parsing relationship: /xl/worksheets/_rels/sheet1.xml.rels
16:02:48.699 [main] DEBUG org.apache.poi.openxml4j.opc.PackageRelationshipCollection - Parsing relationship: /_rels/.rels
16:48:05.468 [main] INFO  testCases.TC001_AcccountRegistrationTest - ***** Starting TC001_AccountRegistrationTest *****
16:48:05.555 [main] INFO  testCases.TC001_AcccountRegistrationTest - Clicked on MyAccount Link 
16:48:06.051 [main] INFO  testCases.TC001_AcccountRegistrationTest - Clicked on Register Link 
16:48:06.052 [main] INFO  testCases.TC001_AcccountRegistrationTest - Providing Customer details 
16:48:09.335 [main] INFO  testCases.TC001_AcccountRegistrationTest - Validating expected message... 
16:48:09.361 [main] INFO  testCases.TC001_AcccountRegistrationTest - ***** Finished TC001_AccountRegistrationTest *****
16:48:12.166 [main] INFO  testCases.TC002_LoginTest - ***** Starting TC002_LoginTest *****
16:48:13.556 [main] INFO  testCases.TC002_LoginTest - ***** Finished TC002_LoginTest *****
16:50:18.713 [main] INFO  testCases.TC002_LoginTest - ***** Starting TC002_LoginTest *****
16:50:20.248 [main] INFO  testCases.TC002_LoginTest - ***** Finished TC002_LoginTest *****
23:07:26.796 [main] INFO  testCases.TC001_AcccountRegistrationTest - ***** Starting TC001_AccountRegistrationTest *****
23:07:26.894 [main] INFO  testCases.TC001_AcccountRegistrationTest - Clicked on MyAccount Link 
23:07:27.412 [main] INFO  testCases.TC001_AcccountRegistrationTest - Clicked on Register Link 
23:07:27.415 [main] INFO  testCases.TC001_AcccountRegistrationTest - Providing Customer details 
23:07:30.701 [main] INFO  testCases.TC001_AcccountRegistrationTest - Validating expected message... 
23:07:30.736 [main] INFO  testCases.TC001_AcccountRegistrationTest - ***** Finished TC001_AccountRegistrationTest *****
23:07:33.601 [main] INFO  testCases.TC002_LoginTest - ***** Starting TC002_LoginTest *****
23:07:34.990 [main] INFO  testCases.TC002_LoginTest - ***** Finished TC002_LoginTest *****
23:10:19.920 [main] INFO  testCases.TC001_AcccountRegistrationTest - ***** Starting TC001_AccountRegistrationTest *****
23:10:20.009 [main] INFO  testCases.TC001_AcccountRegistrationTest - Clicked on MyAccount Link 
23:10:20.530 [main] INFO  testCases.TC001_AcccountRegistrationTest - Clicked on Register Link 
23:10:20.532 [main] INFO  testCases.TC001_AcccountRegistrationTest - Providing Customer details 
23:10:23.904 [main] INFO  testCases.TC001_AcccountRegistrationTest - Validating expected message... 
23:10:23.936 [main] INFO  testCases.TC001_AcccountRegistrationTest - ***** Finished TC001_AccountRegistrationTest *****
23:10:26.595 [main] INFO  testCases.TC002_LoginTest - ***** Starting TC002_LoginTest *****
23:10:27.997 [main] INFO  testCases.TC002_LoginTest - ***** Finished TC002_LoginTest *****
23:23:16.630 [main] INFO  testCases.TC001_AcccountRegistrationTest - ***** Starting TC001_AccountRegistrationTest *****
23:23:16.719 [main] INFO  testCases.TC001_AcccountRegistrationTest - Clicked on MyAccount Link 
23:23:17.227 [main] INFO  testCases.TC001_AcccountRegistrationTest - Clicked on Register Link 
23:23:17.228 [main] INFO  testCases.TC001_AcccountRegistrationTest - Providing Customer details 
23:23:20.497 [main] INFO  testCases.TC001_AcccountRegistrationTest - Validating expected message... 
23:23:20.521 [main] INFO  testCases.TC001_AcccountRegistrationTest - ***** Finished TC001_AccountRegistrationTest *****
23:23:23.172 [main] INFO  testCases.TC002_LoginTest - ***** Starting TC002_LoginTest *****
23:23:24.550 [main] INFO  testCases.TC002_LoginTest - ***** Finished TC002_LoginTest *****
23:24:36.404 [main] INFO  testCases.TC001_AcccountRegistrationTest - ***** Starting TC001_AccountRegistrationTest *****
23:24:36.517 [main] INFO  testCases.TC001_AcccountRegistrationTest - Clicked on MyAccount Link 
23:24:37.030 [main] INFO  testCases.TC001_AcccountRegistrationTest - Clicked on Register Link 
23:24:37.032 [main] INFO  testCases.TC001_AcccountRegistrationTest - Providing Customer details 
23:24:40.288 [main] INFO  testCases.TC001_AcccountRegistrationTest - Validating expected message... 
23:24:40.320 [main] INFO  testCases.TC001_AcccountRegistrationTest - ***** Finished TC001_AccountRegistrationTest *****
23:24:43.148 [main] INFO  testCases.TC002_LoginTest - ***** Starting TC002_LoginTest *****
23:24:44.490 [main] INFO  testCases.TC002_LoginTest - ***** Finished TC002_LoginTest *****
23:29:36.220 [main] DEBUG org.apache.poi.openxml4j.opc.PackageRelationshipCollection - Parsing relationship: /xl/_rels/workbook.xml.rels
23:29:36.223 [main] DEBUG org.apache.poi.openxml4j.opc.PackageRelationshipCollection - Parsing relationship: /xl/worksheets/_rels/sheet1.xml.rels
23:29:36.224 [main] DEBUG org.apache.poi.openxml4j.opc.PackageRelationshipCollection - Parsing relationship: /_rels/.rels
23:29:36.635 [main] DEBUG org.apache.poi.openxml4j.opc.PackageRelationshipCollection - Parsing relationship: /xl/_rels/workbook.xml.rels
23:29:36.636 [main] DEBUG org.apache.poi.openxml4j.opc.PackageRelationshipCollection - Parsing relationship: /xl/worksheets/_rels/sheet1.xml.rels
23:29:36.636 [main] DEBUG org.apache.poi.openxml4j.opc.PackageRelationshipCollection - Parsing relationship: /_rels/.rels
23:29:36.655 [main] DEBUG org.apache.poi.openxml4j.opc.PackageRelationshipCollection - Parsing relationship: /xl/_rels/workbook.xml.rels
23:29:36.655 [main] DEBUG org.apache.poi.openxml4j.opc.PackageRelationshipCollection - Parsing relationship: /xl/worksheets/_rels/sheet1.xml.rels
23:29:36.656 [main] DEBUG org.apache.poi.openxml4j.opc.PackageRelationshipCollection - Parsing relationship: /_rels/.rels
23:29:36.675 [main] DEBUG org.apache.poi.openxml4j.opc.PackageRelationshipCollection - Parsing relationship: /xl/_rels/workbook.xml.rels
23:29:36.676 [main] DEBUG org.apache.poi.openxml4j.opc.PackageRelationshipCollection - Parsing relationship: /xl/worksheets/_rels/sheet1.xml.rels
23:29:36.677 [main] DEBUG org.apache.poi.openxml4j.opc.PackageRelationshipCollection - Parsing relationship: /_rels/.rels
23:29:36.690 [main] DEBUG org.apache.poi.openxml4j.opc.PackageRelationshipCollection - Parsing relationship: /xl/_rels/workbook.xml.rels
23:29:36.690 [main] DEBUG org.apache.poi.openxml4j.opc.PackageRelationshipCollection - Parsing relationship: /xl/worksheets/_rels/sheet1.xml.rels
23:29:36.691 [main] DEBUG org.apache.poi.openxml4j.opc.PackageRelationshipCollection - Parsing relationship: /_rels/.rels
23:29:36.704 [main] DEBUG org.apache.poi.openxml4j.opc.PackageRelationshipCollection - Parsing relationship: /xl/_rels/workbook.xml.rels
23:29:36.705 [main] DEBUG org.apache.poi.openxml4j.opc.PackageRelationshipCollection - Parsing relationship: /xl/worksheets/_rels/sheet1.xml.rels
23:29:36.705 [main] DEBUG org.apache.poi.openxml4j.opc.PackageRelationshipCollection - Parsing relationship: /_rels/.rels
23:29:36.717 [main] DEBUG org.apache.poi.openxml4j.opc.PackageRelationshipCollection - Parsing relationship: /xl/_rels/workbook.xml.rels
23:29:36.718 [main] DEBUG org.apache.poi.openxml4j.opc.PackageRelationshipCollection - Parsing relationship: /xl/worksheets/_rels/sheet1.xml.rels
23:29:36.719 [main] DEBUG org.apache.poi.openxml4j.opc.PackageRelationshipCollection - Parsing relationship: /_rels/.rels
23:29:36.735 [main] DEBUG org.apache.poi.openxml4j.opc.PackageRelationshipCollection - Parsing relationship: /xl/_rels/workbook.xml.rels
23:29:36.735 [main] DEBUG org.apache.poi.openxml4j.opc.PackageRelationshipCollection - Parsing relationship: /xl/worksheets/_rels/sheet1.xml.rels
23:29:36.736 [main] DEBUG org.apache.poi.openxml4j.opc.PackageRelationshipCollection - Parsing relationship: /_rels/.rels
23:29:36.751 [main] DEBUG org.apache.poi.openxml4j.opc.PackageRelationshipCollection - Parsing relationship: /xl/_rels/workbook.xml.rels
23:29:36.752 [main] DEBUG org.apache.poi.openxml4j.opc.PackageRelationshipCollection - Parsing relationship: /xl/worksheets/_rels/sheet1.xml.rels
23:29:36.753 [main] DEBUG org.apache.poi.openxml4j.opc.PackageRelationshipCollection - Parsing relationship: /_rels/.rels
23:29:36.767 [main] DEBUG org.apache.poi.openxml4j.opc.PackageRelationshipCollection - Parsing relationship: /xl/_rels/workbook.xml.rels
23:29:36.768 [main] DEBUG org.apache.poi.openxml4j.opc.PackageRelationshipCollection - Parsing relationship: /xl/worksheets/_rels/sheet1.xml.rels
23:29:36.768 [main] DEBUG org.apache.poi.openxml4j.opc.PackageRelationshipCollection - Parsing relationship: /_rels/.rels
23:29:36.781 [main] DEBUG org.apache.poi.openxml4j.opc.PackageRelationshipCollection - Parsing relationship: /xl/_rels/workbook.xml.rels
23:29:36.781 [main] DEBUG org.apache.poi.openxml4j.opc.PackageRelationshipCollection - Parsing relationship: /xl/worksheets/_rels/sheet1.xml.rels
23:29:36.783 [main] DEBUG org.apache.poi.openxml4j.opc.PackageRelationshipCollection - Parsing relationship: /_rels/.rels
23:29:36.796 [main] DEBUG org.apache.poi.openxml4j.opc.PackageRelationshipCollection - Parsing relationship: /xl/_rels/workbook.xml.rels
23:29:36.797 [main] DEBUG org.apache.poi.openxml4j.opc.PackageRelationshipCollection - Parsing relationship: /xl/worksheets/_rels/sheet1.xml.rels
23:29:36.797 [main] DEBUG org.apache.poi.openxml4j.opc.PackageRelationshipCollection - Parsing relationship: /_rels/.rels
23:29:36.808 [main] DEBUG org.apache.poi.openxml4j.opc.PackageRelationshipCollection - Parsing relationship: /xl/_rels/workbook.xml.rels
23:29:36.809 [main] DEBUG org.apache.poi.openxml4j.opc.PackageRelationshipCollection - Parsing relationship: /xl/worksheets/_rels/sheet1.xml.rels
23:29:36.809 [main] DEBUG org.apache.poi.openxml4j.opc.PackageRelationshipCollection - Parsing relationship: /_rels/.rels
23:29:36.822 [main] DEBUG org.apache.poi.openxml4j.opc.PackageRelationshipCollection - Parsing relationship: /xl/_rels/workbook.xml.rels
23:29:36.822 [main] DEBUG org.apache.poi.openxml4j.opc.PackageRelationshipCollection - Parsing relationship: /xl/worksheets/_rels/sheet1.xml.rels
23:29:36.823 [main] DEBUG org.apache.poi.openxml4j.opc.PackageRelationshipCollection - Parsing relationship: /_rels/.rels
23:29:36.833 [main] DEBUG org.apache.poi.openxml4j.opc.PackageRelationshipCollection - Parsing relationship: /xl/_rels/workbook.xml.rels
23:29:36.834 [main] DEBUG org.apache.poi.openxml4j.opc.PackageRelationshipCollection - Parsing relationship: /xl/worksheets/_rels/sheet1.xml.rels
23:29:36.835 [main] DEBUG org.apache.poi.openxml4j.opc.PackageRelationshipCollection - Parsing relationship: /_rels/.rels
23:29:36.849 [main] DEBUG org.apache.poi.openxml4j.opc.PackageRelationshipCollection - Parsing relationship: /xl/_rels/workbook.xml.rels
23:29:36.850 [main] DEBUG org.apache.poi.openxml4j.opc.PackageRelationshipCollection - Parsing relationship: /xl/worksheets/_rels/sheet1.xml.rels
23:29:36.851 [main] DEBUG org.apache.poi.openxml4j.opc.PackageRelationshipCollection - Parsing relationship: /_rels/.rels
23:29:36.862 [main] DEBUG org.apache.poi.openxml4j.opc.PackageRelationshipCollection - Parsing relationship: /xl/_rels/workbook.xml.rels
23:29:36.863 [main] DEBUG org.apache.poi.openxml4j.opc.PackageRelationshipCollection - Parsing relationship: /xl/worksheets/_rels/sheet1.xml.rels
23:29:36.864 [main] DEBUG org.apache.poi.openxml4j.opc.PackageRelationshipCollection - Parsing relationship: /_rels/.rels
23:29:36.885 [main] INFO  testCases.TC003_LoginDDT - ***** starting TC003_LoginDDT *****
23:29:47.692 [main] INFO  testCases.TC003_LoginDDT - ***** starting TC003_LoginDDT *****
23:29:49.769 [main] INFO  testCases.TC003_LoginDDT - ***** Finished TC003_LoginDDT *****
23:29:49.773 [main] INFO  testCases.TC003_LoginDDT - ***** starting TC003_LoginDDT *****
23:30:00.858 [main] INFO  testCases.TC003_LoginDDT - ***** Finished TC003_LoginDDT *****
23:30:00.862 [main] INFO  testCases.TC003_LoginDDT - ***** starting TC003_LoginDDT *****
23:30:12.509 [main] INFO  testCases.TC003_LoginDDT - ***** starting TC003_LoginDDT *****
23:30:14.670 [main] INFO  testCases.TC003_LoginDDT - ***** Finished TC003_LoginDDT *****
01:00:00.669 [main] INFO  testCases.TC001_AcccountRegistrationTest - ***** Starting TC001_AccountRegistrationTest *****
01:00:00.777 [main] INFO  testCases.TC001_AcccountRegistrationTest - Clicked on MyAccount Link 
01:00:02.016 [main] INFO  testCases.TC001_AcccountRegistrationTest - Clicked on Register Link 
01:00:02.019 [main] INFO  testCases.TC001_AcccountRegistrationTest - Providing Customer details 
01:00:06.190 [main] INFO  testCases.TC001_AcccountRegistrationTest - Validating expected message... 
01:00:06.227 [main] INFO  testCases.TC001_AcccountRegistrationTest - ***** Finished TC001_AccountRegistrationTest *****
01:00:08.962 [main] INFO  testCases.TC002_LoginTest - ***** Starting TC002_LoginTest *****
01:00:10.364 [main] INFO  testCases.TC002_LoginTest - ***** Finished TC002_LoginTest *****
01:05:21.218 [main] INFO  testCases.TC001_AcccountRegistrationTest - ***** Starting TC001_AccountRegistrationTest *****
01:05:21.302 [main] INFO  testCases.TC001_AcccountRegistrationTest - Clicked on MyAccount Link 
01:05:21.801 [main] INFO  testCases.TC001_AcccountRegistrationTest - Clicked on Register Link 
01:05:21.803 [main] INFO  testCases.TC001_AcccountRegistrationTest - Providing Customer details 
01:05:25.047 [main] INFO  testCases.TC001_AcccountRegistrationTest - Validating expected message... 
01:05:25.080 [main] INFO  testCases.TC001_AcccountRegistrationTest - ***** Finished TC001_AccountRegistrationTest *****
01:05:27.872 [main] INFO  testCases.TC002_LoginTest - ***** Starting TC002_LoginTest *****
01:05:29.276 [main] INFO  testCases.TC002_LoginTest - ***** Finished TC002_LoginTest *****
16:05:51.352 [main] INFO  testCases.TC001_AcccountRegistrationTest - ***** Starting TC001_AccountRegistrationTest *****
16:05:51.450 [main] INFO  testCases.TC001_AcccountRegistrationTest - Clicked on MyAccount Link 
16:05:51.984 [main] INFO  testCases.TC001_AcccountRegistrationTest - Clicked on Register Link 
16:05:51.988 [main] INFO  testCases.TC001_AcccountRegistrationTest - Providing Customer details 
16:05:54.414 [main] INFO  testCases.TC001_AcccountRegistrationTest - Validating expected message... 
16:05:55.307 [main] INFO  testCases.TC001_AcccountRegistrationTest - ***** Finished TC001_AccountRegistrationTest *****
16:05:58.241 [main] INFO  testCases.TC002_LoginTest - ***** Starting TC002_LoginTest *****
16:49:38.477 [main] INFO  testCases.TC001_AcccountRegistrationTest - ***** Starting TC001_AccountRegistrationTest *****
16:49:38.565 [main] INFO  testCases.TC001_AcccountRegistrationTest - Clicked on MyAccount Link 
16:49:39.187 [main] INFO  testCases.TC001_AcccountRegistrationTest - Clicked on Register Link 
16:49:39.189 [main] INFO  testCases.TC001_AcccountRegistrationTest - Providing Customer details 
16:49:43.037 [main] INFO  testCases.TC001_AcccountRegistrationTest - Validating expected message... 
16:49:43.063 [main] INFO  testCases.TC001_AcccountRegistrationTest - ***** Finished TC001_AccountRegistrationTest *****
16:49:46.171 [main] INFO  testCases.TC002_LoginTest - ***** Starting TC002_LoginTest *****
16:52:01.047 [main] INFO  testCases.TC002_LoginTest - ***** Starting TC002_LoginTest *****
16:55:11.254 [main] INFO  testCases.TC001_AcccountRegistrationTest - ***** Starting TC001_AccountRegistrationTest *****
16:55:11.341 [main] INFO  testCases.TC001_AcccountRegistrationTest - Clicked on MyAccount Link 
16:55:11.850 [main] INFO  testCases.TC001_AcccountRegistrationTest - Clicked on Register Link 
16:55:11.851 [main] INFO  testCases.TC001_AcccountRegistrationTest - Providing Customer details 
16:55:14.354 [main] INFO  testCases.TC001_AcccountRegistrationTest - Validating expected message... 
16:55:15.199 [main] INFO  testCases.TC001_AcccountRegistrationTest - ***** Finished TC001_AccountRegistrationTest *****
16:55:18.063 [main] INFO  testCases.TC002_LoginTest - ***** Starting TC002_LoginTest *****
16:58:09.279 [main] INFO  testCases.TC002_LoginTest - ***** Starting TC002_LoginTest *****
16:58:10.829 [main] INFO  testCases.TC002_LoginTest - ***** Finished TC002_LoginTest *****
17:02:07.544 [main] INFO  testCases.TC002_LoginTest - ***** Starting TC002_LoginTest *****
17:02:09.021 [main] INFO  testCases.TC002_LoginTest - ***** Finished TC002_LoginTest *****
17:02:34.170 [main] INFO  testCases.TC001_AcccountRegistrationTest - ***** Starting TC001_AccountRegistrationTest *****
17:02:34.250 [main] INFO  testCases.TC001_AcccountRegistrationTest - Clicked on MyAccount Link 
17:02:34.761 [main] INFO  testCases.TC001_AcccountRegistrationTest - Clicked on Register Link 
17:02:34.763 [main] INFO  testCases.TC001_AcccountRegistrationTest - Providing Customer details 
17:02:37.987 [main] INFO  testCases.TC001_AcccountRegistrationTest - Validating expected message... 
17:02:38.014 [main] ERROR testCases.TC001_AcccountRegistrationTest - Test Failed...
17:02:38.014 [main] DEBUG testCases.TC001_AcccountRegistrationTest - Debug logs...
17:02:41.271 [main] INFO  testCases.TC002_LoginTest - ***** Starting TC002_LoginTest *****
17:02:43.101 [main] INFO  testCases.TC002_LoginTest - ***** Finished TC002_LoginTest *****
23:36:03.140 [main] INFO  testCases.TC001_AcccountRegistrationTest - ***** Starting TC001_AccountRegistrationTest *****
23:36:03.228 [main] INFO  testCases.TC001_AcccountRegistrationTest - Clicked on MyAccount Link 
23:36:03.720 [main] INFO  testCases.TC001_AcccountRegistrationTest - Clicked on Register Link 
23:36:03.722 [main] INFO  testCases.TC001_AcccountRegistrationTest - Providing Customer details 
23:36:07.335 [main] INFO  testCases.TC001_AcccountRegistrationTest - Validating expected message... 
23:36:07.367 [main] INFO  testCases.TC001_AcccountRegistrationTest - ***** Finished TC001_AccountRegistrationTest *****
23:36:10.770 [main] INFO  testCases.TC002_LoginTest - ***** Starting TC002_LoginTest *****
23:36:12.442 [main] INFO  testCases.TC002_LoginTest - ***** Finished TC002_LoginTest *****
23:43:14.030 [main] INFO  testCases.TC001_AcccountRegistrationTest - ***** Starting TC001_AccountRegistrationTest *****
23:43:14.114 [main] INFO  testCases.TC001_AcccountRegistrationTest - Clicked on MyAccount Link 
23:43:14.626 [main] INFO  testCases.TC001_AcccountRegistrationTest - Clicked on Register Link 
23:43:14.627 [main] INFO  testCases.TC001_AcccountRegistrationTest - Providing Customer details 
23:43:17.907 [main] INFO  testCases.TC001_AcccountRegistrationTest - Validating expected message... 
23:43:17.949 [main] INFO  testCases.TC001_AcccountRegistrationTest - ***** Finished TC001_AccountRegistrationTest *****
23:43:21.246 [main] INFO  testCases.TC002_LoginTest - ***** Starting TC002_LoginTest *****
23:43:22.743 [main] INFO  testCases.TC002_LoginTest - ***** Finished TC002_LoginTest *****
23:43:45.877 [main] INFO  testCases.TC001_AcccountRegistrationTest - ***** Starting TC001_AccountRegistrationTest *****
23:43:45.977 [main] INFO  testCases.TC001_AcccountRegistrationTest - Clicked on MyAccount Link 
23:43:46.564 [main] INFO  testCases.TC001_AcccountRegistrationTest - Clicked on Register Link 
23:43:46.566 [main] INFO  testCases.TC001_AcccountRegistrationTest - Providing Customer details 
23:43:50.058 [main] INFO  testCases.TC001_AcccountRegistrationTest - Validating expected message... 
23:43:50.097 [main] INFO  testCases.TC001_AcccountRegistrationTest - ***** Finished TC001_AccountRegistrationTest *****
23:43:53.616 [main] INFO  testCases.TC002_LoginTest - ***** Starting TC002_LoginTest *****
23:43:55.199 [main] INFO  testCases.TC002_LoginTest - ***** Finished TC002_LoginTest *****
23:44:11.961 [main] INFO  testCases.TC001_AcccountRegistrationTest - ***** Starting TC001_AccountRegistrationTest *****
23:44:12.045 [main] INFO  testCases.TC001_AcccountRegistrationTest - Clicked on MyAccount Link 
23:44:12.586 [main] INFO  testCases.TC001_AcccountRegistrationTest - Clicked on Register Link 
23:44:12.586 [main] INFO  testCases.TC001_AcccountRegistrationTest - Providing Customer details 
23:44:15.984 [main] INFO  testCases.TC001_AcccountRegistrationTest - Validating expected message... 
23:44:16.014 [main] INFO  testCases.TC001_AcccountRegistrationTest - ***** Finished TC001_AccountRegistrationTest *****
23:44:19.316 [main] INFO  testCases.TC002_LoginTest - ***** Starting TC002_LoginTest *****
23:44:20.775 [main] INFO  testCases.TC002_LoginTest - ***** Finished TC002_LoginTest *****
23:44:58.294 [TestNG-tests-3] INFO  testCases.TC001_AcccountRegistrationTest - ***** Starting TC001_AccountRegistrationTest *****
23:45:01.380 [TestNG-tests-1] INFO  testCases.TC001_AcccountRegistrationTest - ***** Starting TC001_AccountRegistrationTest *****
23:45:03.121 [TestNG-tests-2] INFO  testCases.TC001_AcccountRegistrationTest - ***** Starting TC001_AccountRegistrationTest *****
23:45:03.176 [TestNG-tests-1] INFO  testCases.TC001_AcccountRegistrationTest - Clicked on MyAccount Link 
23:45:03.259 [TestNG-tests-2] INFO  testCases.TC001_AcccountRegistrationTest - Clicked on MyAccount Link 
23:47:42.550 [TestNG-tests-3] INFO  testCases.TC001_AcccountRegistrationTest - ***** Starting TC001_AccountRegistrationTest *****
23:47:46.973 [TestNG-tests-1] INFO  testCases.TC001_AcccountRegistrationTest - ***** Starting TC001_AccountRegistrationTest *****
23:47:46.975 [TestNG-tests-2] INFO  testCases.TC001_AcccountRegistrationTest - ***** Starting TC001_AccountRegistrationTest *****
23:47:47.066 [TestNG-tests-1] INFO  testCases.TC001_AcccountRegistrationTest - Clicked on MyAccount Link 
23:47:47.137 [TestNG-tests-2] INFO  testCases.TC001_AcccountRegistrationTest - Clicked on MyAccount Link 
23:51:25.082 [TestNG-tests-2] INFO  testCases.TC001_AcccountRegistrationTest - ***** Starting TC001_AccountRegistrationTest *****
23:51:25.082 [TestNG-tests-1] INFO  testCases.TC001_AcccountRegistrationTest - ***** Starting TC001_AccountRegistrationTest *****
