23:51:25.195 [TestNG-tests-2] INFO  testCases.TC001_AcccountRegistrationTest - Clicked on MyAccount Link 
23:51:25.236 [TestNG-tests-1] INFO  testCases.TC001_AcccountRegistrationTest - Clicked on MyAccount Link 
23:54:35.896 [TestNG-tests-1] INFO  testCases.TC001_AcccountRegistrationTest - ***** Starting TC001_AccountRegistrationTest *****
23:54:35.995 [TestNG-tests-1] INFO  testCases.TC001_AcccountRegistrationTest - Clicked on MyAccount Link 
23:54:36.618 [TestNG-tests-1] INFO  testCases.TC001_AcccountRegistrationTest - Clicked on Register Link 
23:54:36.621 [TestNG-tests-1] INFO  testCases.TC001_AcccountRegistrationTest - Providing Customer details 
23:54:40.094 [TestNG-tests-1] INFO  testCases.TC001_AcccountRegistrationTest - Validating expected message... 
23:54:40.125 [TestNG-tests-1] INFO  testCases.TC001_AcccountRegistrationTest - ***** Finished TC001_AccountRegistrationTest *****
00:23:56.518 [TestNG-tests-2] INFO  testCases.TC001_AcccountRegistrationTest - ***** Starting TC001_AccountRegistrationTest *****
00:23:56.553 [TestNG-tests-1] INFO  testCases.TC001_AcccountRegistrationTest - ***** Starting TC001_AccountRegistrationTest *****
00:23:56.667 [TestNG-tests-2] INFO  testCases.TC001_AcccountRegistrationTest - Clicked on MyAccount Link 
00:23:56.792 [TestNG-tests-1] INFO  testCases.TC001_AcccountRegistrationTest - Clicked on MyAccount Link 
00:23:58.585 [TestNG-tests-3] INFO  testCases.TC001_AcccountRegistrationTest - ***** Starting TC001_AccountRegistrationTest *****
00:23:58.850 [TestNG-tests-3] INFO  testCases.TC001_AcccountRegistrationTest - Clicked on MyAccount Link 
00:23:59.348 [TestNG-tests-3] INFO  testCases.TC001_AcccountRegistrationTest - Clicked on Register Link 
00:23:59.351 [TestNG-tests-3] INFO  testCases.TC001_AcccountRegistrationTest - Providing Customer details 
00:24:02.734 [TestNG-tests-3] INFO  testCases.TC001_AcccountRegistrationTest - Validating expected message... 
00:24:02.754 [TestNG-tests-3] INFO  testCases.TC001_AcccountRegistrationTest - ***** Finished TC001_AccountRegistrationTest *****
00:27:00.871 [TestNG-tests-1] INFO  testCases.TC001_AcccountRegistrationTest - ***** Starting TC001_AccountRegistrationTest *****
00:27:01.144 [TestNG-tests-1] INFO  testCases.TC001_AcccountRegistrationTest - Clicked on MyAccount Link 
00:27:01.819 [TestNG-tests-1] INFO  testCases.TC001_AcccountRegistrationTest - Clicked on Register Link 
00:27:01.821 [TestNG-tests-1] INFO  testCases.TC001_AcccountRegistrationTest - Providing Customer details 
00:27:13.080 [TestNG-tests-2] INFO  testCases.TC001_AcccountRegistrationTest - ***** Starting TC001_AccountRegistrationTest *****
00:27:13.080 [TestNG-tests-3] INFO  testCases.TC001_AcccountRegistrationTest - ***** Starting TC001_AccountRegistrationTest *****
00:27:13.316 [TestNG-tests-2] INFO  testCases.TC001_AcccountRegistrationTest - Clicked on MyAccount Link 
00:27:13.537 [TestNG-tests-3] INFO  testCases.TC001_AcccountRegistrationTest - Clicked on MyAccount Link 
00:27:34.730 [TestNG-tests-1] INFO  testCases.TC001_AcccountRegistrationTest - ***** Starting TC001_AccountRegistrationTest *****
00:27:36.391 [TestNG-tests-2] INFO  testCases.TC001_AcccountRegistrationTest - ***** Starting TC001_AccountRegistrationTest *****
00:27:36.392 [TestNG-tests-3] INFO  testCases.TC001_AcccountRegistrationTest - ***** Starting TC001_AccountRegistrationTest *****
00:27:36.637 [TestNG-tests-2] INFO  testCases.TC001_AcccountRegistrationTest - Clicked on MyAccount Link 
00:27:36.848 [TestNG-tests-3] INFO  testCases.TC001_AcccountRegistrationTest - Clicked on MyAccount Link 
00:30:37.261 [TestNG-tests-1] INFO  testCases.TC001_AcccountRegistrationTest - ***** Starting TC001_AccountRegistrationTest *****
00:30:37.335 [TestNG-tests-1] INFO  testCases.TC001_AcccountRegistrationTest - Clicked on MyAccount Link 
00:30:37.983 [TestNG-tests-1] INFO  testCases.TC001_AcccountRegistrationTest - Clicked on Register Link 
00:30:37.985 [TestNG-tests-1] INFO  testCases.TC001_AcccountRegistrationTest - Providing Customer details 
00:30:40.487 [TestNG-tests-1] INFO  testCases.TC001_AcccountRegistrationTest - Validating expected message... 
00:30:41.534 [TestNG-tests-1] INFO  testCases.TC001_AcccountRegistrationTest - ***** Finished TC001_AccountRegistrationTest *****
00:31:31.151 [TestNG-tests-1] INFO  testCases.TC001_AcccountRegistrationTest - ***** Starting TC001_AccountRegistrationTest *****
00:31:31.401 [TestNG-tests-1] INFO  testCases.TC001_AcccountRegistrationTest - Clicked on MyAccount Link 
00:31:31.946 [TestNG-tests-1] INFO  testCases.TC001_AcccountRegistrationTest - Clicked on Register Link 
00:31:31.948 [TestNG-tests-1] INFO  testCases.TC001_AcccountRegistrationTest - Providing Customer details 
00:31:35.333 [TestNG-tests-1] INFO  testCases.TC001_AcccountRegistrationTest - Validating expected message... 
00:31:35.349 [TestNG-tests-1] INFO  testCases.TC001_AcccountRegistrationTest - ***** Finished TC001_AccountRegistrationTest *****
00:32:22.037 [TestNG-tests-1] INFO  testCases.TC001_AcccountRegistrationTest - ***** Starting TC001_AccountRegistrationTest *****
00:32:22.137 [TestNG-tests-1] INFO  testCases.TC001_AcccountRegistrationTest - Clicked on MyAccount Link 
00:32:22.736 [TestNG-tests-1] INFO  testCases.TC001_AcccountRegistrationTest - Clicked on Register Link 
00:32:22.738 [TestNG-tests-1] INFO  testCases.TC001_AcccountRegistrationTest - Providing Customer details 
00:32:26.019 [TestNG-tests-1] INFO  testCases.TC001_AcccountRegistrationTest - Validating expected message... 
00:32:26.052 [TestNG-tests-1] INFO  testCases.TC001_AcccountRegistrationTest - ***** Finished TC001_AccountRegistrationTest *****
00:57:41.946 [main] INFO  testCases.TC001_AcccountRegistrationTest - ***** Starting TC001_AccountRegistrationTest *****
00:57:42.111 [main] INFO  testCases.TC001_AcccountRegistrationTest - Clicked on MyAccount Link 
00:57:42.754 [main] INFO  testCases.TC001_AcccountRegistrationTest - Clicked on Register Link 
00:57:42.757 [main] INFO  testCases.TC001_AcccountRegistrationTest - Providing Customer details 
00:57:46.453 [main] INFO  testCases.TC001_AcccountRegistrationTest - Validating expected message... 
00:57:46.511 [main] INFO  testCases.TC001_AcccountRegistrationTest - ***** Finished TC001_AccountRegistrationTest *****
00:57:49.093 [main] INFO  testCases.TC002_LoginTest - ***** Starting TC002_LoginTest *****
00:57:50.784 [main] INFO  testCases.TC002_LoginTest - ***** Finished TC002_LoginTest *****
00:59:29.900 [main] INFO  testCases.TC001_AcccountRegistrationTest - ***** Starting TC001_AccountRegistrationTest *****
00:59:30.188 [main] INFO  testCases.TC001_AcccountRegistrationTest - Clicked on MyAccount Link 
00:59:30.771 [main] INFO  testCases.TC001_AcccountRegistrationTest - Clicked on Register Link 
00:59:30.773 [main] INFO  testCases.TC001_AcccountRegistrationTest - Providing Customer details 
00:59:34.153 [main] INFO  testCases.TC001_AcccountRegistrationTest - Validating expected message... 
00:59:34.188 [main] INFO  testCases.TC001_AcccountRegistrationTest - ***** Finished TC001_AccountRegistrationTest *****
00:59:38.665 [main] INFO  testCases.TC002_LoginTest - ***** Starting TC002_LoginTest *****
00:59:40.344 [main] INFO  testCases.TC002_LoginTest - ***** Finished TC002_LoginTest *****
01:01:47.085 [main] INFO  testCases.TC001_AcccountRegistrationTest - ***** Starting TC001_AccountRegistrationTest *****
01:01:47.270 [main] INFO  testCases.TC001_AcccountRegistrationTest - Clicked on MyAccount Link 
01:01:47.895 [main] INFO  testCases.TC001_AcccountRegistrationTest - Clicked on Register Link 
01:01:47.897 [main] INFO  testCases.TC001_AcccountRegistrationTest - Providing Customer details 
01:01:51.701 [main] INFO  testCases.TC001_AcccountRegistrationTest - Validating expected message... 
01:01:51.768 [main] INFO  testCases.TC001_AcccountRegistrationTest - ***** Finished TC001_AccountRegistrationTest *****
01:01:54.342 [main] INFO  testCases.TC002_LoginTest - ***** Starting TC002_LoginTest *****
01:01:56.032 [main] INFO  testCases.TC002_LoginTest - ***** Finished TC002_LoginTest *****
01:02:04.962 [main] INFO  testCases.TC001_AcccountRegistrationTest - ***** Starting TC001_AccountRegistrationTest *****
01:02:05.226 [main] INFO  testCases.TC001_AcccountRegistrationTest - Clicked on MyAccount Link 
01:02:05.793 [main] INFO  testCases.TC001_AcccountRegistrationTest - Clicked on Register Link 
01:02:05.794 [main] INFO  testCases.TC001_AcccountRegistrationTest - Providing Customer details 
01:02:09.196 [main] INFO  testCases.TC001_AcccountRegistrationTest - Validating expected message... 
01:02:09.222 [main] INFO  testCases.TC001_AcccountRegistrationTest - ***** Finished TC001_AccountRegistrationTest *****
01:02:13.379 [main] INFO  testCases.TC002_LoginTest - ***** Starting TC002_LoginTest *****
01:02:15.072 [main] INFO  testCases.TC002_LoginTest - ***** Finished TC002_LoginTest *****
17:47:02.509 [main] INFO  testCases.TC001_AcccountRegistrationTest - ***** Starting TC001_AccountRegistrationTest *****
17:47:02.655 [main] INFO  testCases.TC001_AcccountRegistrationTest - Clicked on MyAccount Link 
17:47:03.244 [main] INFO  testCases.TC001_AcccountRegistrationTest - Clicked on Register Link 
17:47:03.246 [main] INFO  testCases.TC001_AcccountRegistrationTest - Providing Customer details 
17:47:06.068 [main] INFO  testCases.TC001_AcccountRegistrationTest - Validating expected message... 
17:47:07.082 [main] INFO  testCases.TC001_AcccountRegistrationTest - ***** Finished TC001_AccountRegistrationTest *****
17:47:09.448 [main] INFO  testCases.TC002_LoginTest - ***** Starting TC002_LoginTest *****
17:47:11.170 [main] INFO  testCases.TC002_LoginTest - ***** Finished TC002_LoginTest *****
17:47:19.225 [main] INFO  testCases.TC001_AcccountRegistrationTest - ***** Starting TC001_AccountRegistrationTest *****
17:47:19.515 [main] INFO  testCases.TC001_AcccountRegistrationTest - Clicked on MyAccount Link 
17:47:20.043 [main] INFO  testCases.TC001_AcccountRegistrationTest - Clicked on Register Link 
17:47:20.044 [main] INFO  testCases.TC001_AcccountRegistrationTest - Providing Customer details 
17:47:23.442 [main] INFO  testCases.TC001_AcccountRegistrationTest - Validating expected message... 
17:47:23.474 [main] INFO  testCases.TC001_AcccountRegistrationTest - ***** Finished TC001_AccountRegistrationTest *****
17:47:27.870 [main] INFO  testCases.TC002_LoginTest - ***** Starting TC002_LoginTest *****
17:47:29.487 [main] INFO  testCases.TC002_LoginTest - ***** Finished TC002_LoginTest *****
18:20:26.112 [main] INFO  testCases.TC001_AcccountRegistrationTest - ***** Starting TC001_AccountRegistrationTest *****
18:20:26.312 [main] INFO  testCases.TC001_AcccountRegistrationTest - Clicked on MyAccount Link 
18:20:26.933 [main] INFO  testCases.TC001_AcccountRegistrationTest - Clicked on Register Link 
18:20:26.935 [main] INFO  testCases.TC001_AcccountRegistrationTest - Providing Customer details 
18:20:30.703 [main] INFO  testCases.TC001_AcccountRegistrationTest - Validating expected message... 
18:20:30.764 [main] INFO  testCases.TC001_AcccountRegistrationTest - ***** Finished TC001_AccountRegistrationTest *****
18:20:33.111 [main] INFO  testCases.TC002_LoginTest - ***** Starting TC002_LoginTest *****
18:20:34.844 [main] INFO  testCases.TC002_LoginTest - ***** Finished TC002_LoginTest *****
18:20:41.345 [main] INFO  testCases.TC001_AcccountRegistrationTest - ***** Starting TC001_AccountRegistrationTest *****
18:20:41.612 [main] INFO  testCases.TC001_AcccountRegistrationTest - Clicked on MyAccount Link 
18:20:42.165 [main] INFO  testCases.TC001_AcccountRegistrationTest - Clicked on Register Link 
18:20:42.165 [main] INFO  testCases.TC001_AcccountRegistrationTest - Providing Customer details 
18:20:45.963 [main] INFO  testCases.TC001_AcccountRegistrationTest - Validating expected message... 
18:20:45.994 [main] INFO  testCases.TC001_AcccountRegistrationTest - ***** Finished TC001_AccountRegistrationTest *****
18:20:50.941 [main] INFO  testCases.TC002_LoginTest - ***** Starting TC002_LoginTest *****
18:20:53.181 [main] INFO  testCases.TC002_LoginTest - ***** Finished TC002_LoginTest *****
21:12:49.740 [main] INFO  testCases.TC001_AcccountRegistrationTest - ***** Starting TC001_AccountRegistrationTest *****
21:12:49.820 [main] INFO  testCases.TC001_AcccountRegistrationTest - Clicked on MyAccount Link 
21:12:50.373 [main] INFO  testCases.TC001_AcccountRegistrationTest - Clicked on Register Link 
21:12:50.375 [main] INFO  testCases.TC001_AcccountRegistrationTest - Providing Customer details 
21:12:53.792 [main] INFO  testCases.TC001_AcccountRegistrationTest - Validating expected message... 
21:12:53.827 [main] INFO  testCases.TC001_AcccountRegistrationTest - ***** Finished TC001_AccountRegistrationTest *****
21:12:56.893 [main] INFO  testCases.TC002_LoginTest - ***** Starting TC002_LoginTest *****
21:12:58.527 [main] INFO  testCases.TC002_LoginTest - ***** Finished TC002_LoginTest *****
23:09:58.084 [main] INFO  testCases.TC001_AcccountRegistrationTest - ***** Starting TC001_AccountRegistrationTest *****
23:09:58.177 [main] INFO  testCases.TC001_AcccountRegistrationTest - Clicked on MyAccount Link 
23:09:58.693 [main] INFO  testCases.TC001_AcccountRegistrationTest - Clicked on Register Link 
23:09:58.695 [main] INFO  testCases.TC001_AcccountRegistrationTest - Providing Customer details 
23:10:03.922 [main] INFO  testCases.TC001_AcccountRegistrationTest - Validating expected message... 
23:10:03.963 [main] INFO  testCases.TC001_AcccountRegistrationTest - ***** Finished TC001_AccountRegistrationTest *****
23:10:07.550 [main] INFO  testCases.TC002_LoginTest - ***** Starting TC002_LoginTest *****
23:10:09.292 [main] INFO  testCases.TC002_LoginTest - ***** Finished TC002_LoginTest *****
23:16:50.952 [main] INFO  testCases.TC001_AcccountRegistrationTest - ***** Starting TC001_AccountRegistrationTest *****
23:16:51.090 [main] INFO  testCases.TC001_AcccountRegistrationTest - Clicked on MyAccount Link 
23:16:51.616 [main] INFO  testCases.TC001_AcccountRegistrationTest - Clicked on Register Link 
23:16:51.622 [main] INFO  testCases.TC001_AcccountRegistrationTest - Providing Customer details 
23:16:55.147 [main] INFO  testCases.TC001_AcccountRegistrationTest - Validating expected message... 
23:16:55.178 [main] INFO  testCases.TC001_AcccountRegistrationTest - ***** Finished TC001_AccountRegistrationTest *****
23:16:58.361 [main] INFO  testCases.TC002_LoginTest - ***** Starting TC002_LoginTest *****
23:17:00.064 [main] INFO  testCases.TC002_LoginTest - ***** Finished TC002_LoginTest *****
23:56:55.537 [main] INFO  testCases.TC001_AcccountRegistrationTest - ***** Starting TC001_AccountRegistrationTest *****
23:56:55.659 [main] INFO  testCases.TC001_AcccountRegistrationTest - Clicked on MyAccount Link 
23:56:56.211 [main] INFO  testCases.TC001_AcccountRegistrationTest - Clicked on Register Link 
23:56:56.212 [main] INFO  testCases.TC001_AcccountRegistrationTest - Providing Customer details 
23:56:59.653 [main] INFO  testCases.TC001_AcccountRegistrationTest - Validating expected message... 
23:56:59.691 [main] INFO  testCases.TC001_AcccountRegistrationTest - ***** Finished TC001_AccountRegistrationTest *****
23:57:03.050 [main] INFO  testCases.TC002_LoginTest - ***** Starting TC002_LoginTest *****
23:57:04.576 [main] INFO  testCases.TC002_LoginTest - ***** Finished TC002_LoginTest *****
